80,f1,12,34,61,08,00,00,00,00,00,00,00,ff,ff,ff,ff,00,ff,3e,cd,37,39,ff,96,ff,00,ff,ff,ff,ff,00,00,00,00OK FromECU [058ms] 57b: 80,f1,12,34,61,08,00,00,00,00,00,00,00,ff,ff,ff,ff,00,ff,3e,cd,37,39,ff,96,ff,00,ff,ff,ff,ff,00,00,00,00,ff,ff,ff,ff,ff,ff,47,47,ff,ff,ff,98,ff,ff,ff,ff,00,04,ff,ff,ff,40
80,f1,12,34,61,08,00,00,00,00,00,00,00,ff,ff,ff,ff,00,ff,3e,cd,37,39,ff,96,ff,00,ff,ff,ff,ff,00,00,00,00,ff,ff,ff,ff,ff,ff,47,47,ff,ff,ff,98,ff,ff,ff,ff,00,04,ff,ff,ff,40
80,f1,12,34,61,08,00,00,00,00,00,00,00,ff,ff,ff,ff,00,ff,3e,cd,37,39,ff,96,ff,00,ff,ff,ff,ff,00,00,00,00,ff,ff,ff,ff,ff,ff,47,47,ff,ff,ff,98,ff,ff,ff,ff,00,04,ff,ff,ff,40
80,f1,12,34,61,08,00,00,00,00,00,00,00,ff,ff,ff,ff,00,ff,3e,cd,37,39,ff,96,ff,00,ff,ff,ff,ff,00,00,00,00,ff,ff,ff,ff,ff,ff,47,47,ff,ff,ff,98,ff,ff,ff,ff,00,04,ff,ff,ff,40
80,f1,12,34,61,08,00,00,00,00,00,00,00,ff,ff,ff,ff,00,ff,3e,cd,37,39,ff,96,ff,00,ff,ff,ff,ff,00,00,00,00,ff,ff,ff,ff,ff,ff,47,47,ff,ff,ff,98,ff,ff,ff,ff,00,04,ff,ff,ff,40
80,f1,12,34,61,08,00,00,00,00,00,00,00,ff,ff,ff,ff,00,ff,3e,cd,37,39,ff,96,ff,00,ff,ff,ff,ff,00,00,00,00,ff,ff,ff,ff,ff,ff,47,47,ff,ff,ff,98,ff,ff,ff,ff,00,04,ff,ff,ff,40
80,f1,12,34,61,08,00,00,00,00,00,00,00,ff,ff,ff,ff,00,ff,3e,cd,37,39,ff,96,ff,00,ff,ff,ff,ff,00,00,00,00,ff,ff,ff,ff,ff,ff,47,47,ff,ff,ff,98,ff,ff,ff,ff,00,04,ff,ff,ff,40
80,f1,12,34,61,08,00,00,00,00,00,00,00,ff,ff,ff,ff,00,ff,3e,cd,37,39,ff,96,ff,00,ff,ff,ff,ff,00,00,00,00,ff,ff,ff,ff,ff,ff,47,47,ff,ff,ff,98,ff,ff,ff,ff,00,04,ff,ff,ff,40
80,f1,12,34,61,08,00,00,00,00,00,00,00,ff,ff,ff,ff,00,ff,3e,cd,37,39,ff,96,ff,00,ff,ff,ff,ff,00,00,00,00,ff,ff,ff,ff,ff,ff,47,47,ff,ff,ff,98,ff,ff,ff,ff,00,04,ff,ff,ff,40
80,f1,12,34,61,08,00,00,00,00,00,00,00,ff,ff,ff,ff,00,ff,3e,cd,37,39,ff,96,ff,00,ff,ff,ff,ff,00,00,00,00,ff,ff,ff,ff,ff,ff,47,47,ff,ff,ff,98,ff,ff,ff,ff,00,04,ff,ff,ff,40
80,f1,12,34,61,08,00,00,00,00,00,00,00,ff,ff,ff,ff,00,ff,3e,cd,37,39,ff,96,ff,00,ff,ff,ff,ff,00,00,00,00,ff,ff,ff,ff,ff,ff,47,47,ff,ff,ff,98,ff,ff,ff,ff,00,04,ff,ff,ff,40
80,f1,12,34,61,08,00,00,00,00,00,00,00,ff,ff,ff,ff,00,ff,3e,cd,37,39,ff,96,ff,00,ff,ff,ff,ff,00,00,00,00,ff,ff,ff,ff,ff,ff,47,47,ff,ff,ff,98,ff,ff,ff,ff,00,04,ff,ff,ff,40
80,f1,12,34,61,08,00,00,00,00,00,00,00,ff,ff,ff,ff,00,ff,3e,cd,37,39,ff,96,ff,00,ff,ff,ff,ff,00,00,00,00,ff,ff,ff,ff,ff,ff,47,47,ff,ff,ff,98,ff,ff,ff,ff,00,04,ff,ff,ff,40
80,f1,12,34,61,08,00,00,00,00,00,00,00,ff,ff,ff,ff,00,ff,3e,cd,37,39,ff,96,ff,00,ff,ff,ff,ff,00,00,00,00,ff,ff,ff,ff,ff,ff,47,47,ff,ff,ff,98,ff,ff,ff,ff,00,04,ff,ff,ff,40
80,f1,12,34,61,08,00,00,00,00,00,00,00,ff,ff,ff,ff,00,ff,3e,cd,37,39,ff,96,ff,00,ff,ff,ff,ff,00,00,00,00,ff,ff,ff,ff,ff,ff,47,47,ff,ff,ff,98,ff,ff,ff,ff,00,04,ff,ff,ff,40
80,f1,12,34,61,08,00,00,00,00,00,00,00,ff,ff,ff,ff,00,ff,3e,cd,37,39,ff,96,ff,00,ff,ff,ff,ff,00,00,00,00,ff,ff,ff,ff,ff,ff,47,47,ff,ff,ff,98,ff,ff,ff,ff,00,04,ff,ff,ff,40
80,f1,12,34,61,08,00,00,00,00,00,00,00,ff,ff,ff,ff,00,ff,3e,cd,37,39,ff,96,ff,00,ff,ff,ff,ff,00,00,00,00,ff,ff,ff,ff,ff,ff,47,47,ff,ff,ff,98,ff,ff,ff,ff,00,04,ff,ff,ff,40
80,f1,12,34,61,08,00,00,00,00,00,00,00,ff,ff,ff,ff,00,ff,3e,cd,37,39,ff,96,ff,00,ff,ff,ff,ff,00,00,00,00,ff,ff,ff,ff,ff,ff,47,47,ff,ff,ff,98,ff,ff,ff,ff,00,04,ff,ff,ff,40
80,f1,12,34,61,08,00,00,00,00,00,00,00,ff,ff,ff,ff,00,ff,3e,cd,37,39,ff,96,ff,00,ff,ff,ff,ff,00,00,00,00,ff,ff,ff,ff,ff,ff,47,47,ff,ff,ff,98,ff,ff,ff,ff,00,04,ff,ff,ff,40
80,f1,12,34,61,08,00,00,00,00,00,00,00,ff,ff,ff,ff,00,ff,3e,cd,37,39,ff,96,ff,00,ff,ff,ff,ff,00,00,00,00,ff,ff,ff,ff,ff,ff,47,47,ff,ff,ff,98,ff,ff,ff,ff,00,04,ff,ff,ff,40
80,f1,12,34,61,08,00,00,00,00,00,00,00,ff,ff,ff,ff,00,ff,3e,cd,37,39,ff,96,ff,00,ff,ff,ff,ff,00,00,00,00,ff,ff,ff,ff,ff,ff,47,47,ff,ff,ff,98,ff,ff,ff,ff,00,04,ff,ff,ff,40
80,f1,12,34,61,08,00,00,00,00,00,00,00,ff,ff,ff,ff,00,ff,3e,cd,37,39,ff,96,ff,00,ff,ff,ff,ff,00,00,00,00,ff,ff,ff,ff,ff,ff,47,47,ff,ff,ff,98,ff,ff,ff,ff,00,04,ff,ff,ff,40
80,f1,12,34,61,08,00,00,00,00,00,00,00,ff,ff,ff,ff,00,ff,3e,cd,37,39,ff,96,ff,00,ff,ff,ff,ff,00,00,00,00,ff,ff,ff,ff,ff,ff,47,47,ff,ff,ff,98,ff,ff,ff,ff,00,04,ff,ff,ff,40
80,f1,12,34,61,08,00,00,00,00,00,00,00,ff,ff,ff,ff,00,ff,3e,cd,37,39,ff,96,ff,00,ff,ff,ff,ff,00,00,00,00,ff,ff,ff,ff,ff,ff,47,47,ff,ff,ff,98,ff,ff,ff,ff,00,04,ff,ff,ff,40
80,f1,12,34,61,08,00,00,00,00,00,00,00,ff,ff,ff,ff,00,ff,3e,cd,37,39,ff,96,ff,00,ff,ff,ff,ff,00,00,00,00,ff,ff,ff,ff,ff,ff,47,47,ff,ff,ff,98,ff,ff,ff,ff,00,04,ff,ff,ff,40
80,f1,12,34,61,08,00,00,00,00,00,00,00,ff,ff,ff,ff,00,ff,3e,cd,37,39,ff,96,ff,00,ff,ff,ff,ff,00,00,00,00,ff,ff,ff,ff,ff,ff,47,47,ff,ff,ff,98,ff,ff,ff,ff,00,04,ff,ff,ff,40
80,f1,12,34,61,08,00,00,00,00,00,00,00,ff,ff,ff,ff,00,ff,3e,cd,37,39,ff,96,ff,00,ff,ff,ff,ff,00,00,00,00,ff,ff,ff,ff,ff,ff,47,47,ff,ff,ff,98,ff,ff,ff,ff,00,04,ff,ff,ff,40
80,f1,12,34,61,08,00,00,00,00,00,00,00,ff,ff,ff,ff,00,ff,3e,cd,37,39,ff,96,ff,00,ff,ff,ff,ff,00,00,00,00,ff,ff,ff,ff,ff,ff,47,47,ff,ff,ff,98,ff,ff,ff,ff,00,04,ff,ff,ff,40
80,f1,12,34,61,08,00,00,00,00,00,00,00,ff,ff,ff,ff,00,ff,3e,cd,37,39,ff,96,ff,00,ff,ff,ff,ff,00,00,00,00,ff,ff,ff,ff,ff,ff,47,47,ff,ff,ff,98,ff,ff,ff,ff,00,04,ff,ff,ff,40
80,f1,12,34,61,08,00,00,00,00,00,00,00,ff,ff,ff,ff,00,ff,3e,cd,37,39,ff,96,ff,00,ff,ff,ff,ff,00,00,00,00,ff,ff,ff,ff,ff,ff,47,47,ff,ff,ff,98,ff,ff,ff,ff,00,04,ff,ff,ff,40
80,f1,12,34,61,08,00,00,00,00,00,00,00,ff,ff,ff,ff,00,ff,3e,cd,37,39,ff,96,ff,00,ff,ff,ff,ff,00,00,00,00,ff,ff,ff,ff,ff,ff,47,47,ff,ff,ff,98,ff,ff,ff,ff,00,04,ff,ff,ff,40
80,f1,12,34,61,08,00,00,00,00,00,00,00,ff,ff,ff,ff,00,ff,3e,cd,37,39,ff,96,ff,00,ff,ff,ff,ff,00,00,00,00,ff,ff,ff,ff,ff,ff,47,47,ff,ff,ff,98,ff,ff,ff,ff,00,04,ff,ff,ff,40
80,f1,12,34,61,08,00,00,00,00,00,00,00,ff,ff,ff,ff,00,ff,3e,cd,37,39,ff,96,ff,00,ff,ff,ff,ff,00,00,00,00,ff,ff,ff,ff,ff,ff,47,47,ff,ff,ff,98,ff,ff,ff,ff,00,04,ff,ff,ff,40
80,f1,12,34,61,08,00,00,00,00,00,00,00,ff,ff,ff,ff,00,ff,3e,cd,37,39,ff,96,ff,00,ff,ff,ff,ff,00,00,00,00,ff,ff,ff,ff,ff,ff,47,47,ff,ff,ff,98,ff,ff,ff,ff,00,04,ff,ff,ff,40
80,f1,12,34,61,08,00,00,00,00,00,00,00,ff,ff,ff,ff,00,ff,3e,cd,37,39,ff,96,ff,00,ff,ff,ff,ff,00,00,00,00,ff,ff,ff,ff,ff,ff,47,47,ff,ff,ff,98,ff,ff,ff,ff,00,04,ff,ff,ff,40
80,f1,12,34,61,08,00,00,00,00,00,00,00,ff,ff,ff,ff,00,ff,3e,cd,37,39,ff,96,ff,00,ff,ff,ff,ff,00,00,00,00,ff,ff,ff,ff,ff,ff,47,47,ff,ff,ff,98,ff,ff,ff,ff,00,04,ff,ff,ff,40
80,f1,12,34,61,08,00,00,00,00,00,00,00,ff,ff,ff,ff,00,ff,3e,cd,37,39,ff,96,ff,00,ff,ff,ff,ff,00,00,00,00,ff,ff,ff,ff,ff,ff,47,47,ff,ff,ff,98,ff,ff,ff,ff,00,04,ff,ff,ff,40
80,f1,12,34,61,08,00,00,00,00,00,00,00,ff,ff,ff,ff,00,ff,3e,cd,37,39,ff,96,ff,00,ff,ff,ff,ff,00,00,00,00,ff,ff,ff,ff,ff,ff,47,47,ff,ff,ff,98,ff,ff,ff,ff,00,04,ff,ff,ff,40
80,f1,12,34,61,08,00,00,00,00,00,00,00,ff,ff,ff,ff,00,ff,3e,cd,37,39,ff,96,ff,00,ff,ff,ff,ff,00,00,00,00,ff,ff,ff,ff,ff,ff,47,47,ff,ff,ff,98,ff,ff,ff,ff,00,04,ff,ff,ff,40
80,f1,12,34,61,08,00,00,00,00,00,00,00,ff,ff,ff,ff,00,ff,53,cd,37,39,ff,96,ff,00,ff,ff,ff,ff,00,00,00,00,ff,ff,ff,ff,ff,ff,47,47,ff,ff,ff,98,ff,ff,ff,ff,00,04,ff,ff,ff,55
80,f1,12,34,61,08,00,00,00,00,00,00,00,ff,ff,ff,ff,00,ff,5d,cd,37,39,ff,96,ff,00,ff,ff,ff,ff,00,00,00,00,ff,ff,ff,ff,ff,ff,47,47,ff,ff,ff,98,ff,ff,ff,ff,00,04,ff,ff,ff,5f
80,f1,12,34,61,08,00,00,00,00,00,00,00,ff,ff,ff,ff,00,ff,69,cd,37,39,ff,96,ff,00,ff,ff,ff,ff,00,00,00,00,ff,ff,ff,ff,ff,ff,47,47,ff,ff,ff,98,ff,ff,ff,ff,00,04,ff,ff,ff,6b
80,f1,12,34,61,08,00,00,00,00,00,00,00,ff,ff,ff,ff,00,ff,72,cd,37,39,ff,96,ff,00,ff,ff,ff,ff,00,00,00,00,ff,ff,ff,ff,ff,ff,47,47,ff,ff,ff,98,ff,ff,ff,ff,00,04,ff,ff,ff,74
80,f1,12,34,61,08,00,00,00,00,00,00,00,ff,ff,ff,ff,00,ff,81,cd,37,39,ff,96,ff,00,ff,ff,ff,ff,00,00,00,00,ff,ff,ff,ff,ff,ff,47,47,ff,ff,ff,98,ff,ff,ff,ff,00,04,ff,ff,ff,83
80,f1,12,34,61,08,00,00,00,00,00,00,00,ff,ff,ff,ff,00,ff,87,cd,37,39,ff,96,ff,00,ff,ff,ff,ff,00,00,00,00,ff,ff,ff,ff,ff,ff,47,47,ff,ff,ff,98,ff,ff,ff,ff,00,04,ff,ff,ff,89
80,f1,12,34,61,08,00,00,00,00,00,00,00,ff,ff,ff,ff,00,ff,96,cd,37,39,ff,96,ff,00,ff,ff,ff,ff,00,00,00,00,ff,ff,ff,ff,ff,ff,47,47,ff,ff,ff,98,ff,ff,ff,ff,00,04,ff,ff,ff,98
80,f1,12,34,61,08,00,00,00,00,00,00,00,ff,ff,ff,ff,00,ff,a8,cd,37,39,ff,96,ff,00,ff,ff,ff,ff,00,00,00,00,ff,ff,ff,ff,ff,ff,47,47,ff,ff,ff,98,ff,ff,ff,ff,00,04,ff,ff,ff,aa
80,f1,12,34,61,08,00,00,00,00,00,00,00,ff,ff,ff,ff,00,ff,b3,cd,37,39,ff,96,ff,00,ff,ff,ff,ff,00,00,00,00,ff,ff,ff,ff,ff,ff,47,47,ff,ff,ff,98,ff,ff,ff,ff,00,04,ff,ff,ff,b5
80,f1,12,34,61,08,00,00,00,00,00,00,00,ff,ff,ff,ff,00,ff,cf,cd,37,39,ff,96,ff,00,ff,ff,ff,ff,00,00,00,00,ff,ff,ff,ff,ff,ff,47,47,ff,ff,ff,98,ff,ff,ff,ff,00,04,ff,ff,ff,d1
80,f1,12,34,61,08,00,00,00,00,00,00,00,ff,ff,ff,ff,00,ff,da,cd,37,39,ff,96,ff,00,ff,ff,ff,ff,00,00,00,00,ff,ff,ff,ff,ff,ff,47,47,ff,ff,ff,98,ff,ff,ff,ff,00,04,ff,ff,ff,dc
80,f1,12,34,61,08,00,00,00,00,00,00,00,ff,ff,ff,ff,00,ff,e3,cd,37,39,ff,96,ff,00,ff,ff,ff,ff,00,00,00,00,ff,ff,ff,ff,ff,ff,47,47,ff,ff,ff,98,ff,ff,ff,ff,00,04,ff,ff,ff,e5
80,f1,12,34,61,08,00,00,00,00,00,00,00,ff,ff,ff,ff,00,ff,e3,cd,37,39,ff,96,ff,00,ff,ff,ff,ff,00,00,00,00,ff,ff,ff,ff,ff,ff,47,47,ff,ff,ff,98,ff,ff,ff,ff,00,04,ff,ff,ff,e5
80,f1,12,34,61,08,00,00,00,00,00,00,00,ff,ff,ff,ff,00,ff,e3,cd,37,39,ff,96,ff,00,ff,ff,ff,ff,00,00,00,00,ff,ff,ff,ff,ff,ff,47,47,ff,ff,ff,98,ff,ff,ff,ff,00,04,ff,ff,ff,e5
80,f1,12,34,61,08,00,00,00,00,00,00,00,ff,ff,ff,ff,00,ff,e3,cd,37,39,ff,96,ff,00,ff,ff,ff,ff,00,00,00,00,ff,ff,ff,ff,ff,ff,47,47,ff,ff,ff,98,ff,ff,ff,ff,00,04,ff,ff,ff,e5
80,f1,12,34,61,08,00,00,00,00,00,00,00,ff,ff,ff,ff,00,ff,e3,cd,37,39,ff,96,ff,00,ff,ff,ff,ff,00,00,00,00,ff,ff,ff,ff,ff,ff,47,47,ff,ff,ff,98,ff,ff,ff,ff,00,04,ff,ff,ff,e5
80,f1,12,34,61,08,00,00,00,00,00,00,00,ff,ff,ff,ff,00,ff,e3,cd,37,39,ff,96,ff,00,ff,ff,ff,ff,00,00,00,00,ff,ff,ff,ff,ff,ff,47,47,ff,ff,ff,98,ff,ff,ff,ff,00,04,ff,ff,ff,e5
80,f1,12,34,61,08,00,00,00,00,00,00,00,ff,ff,ff,ff,00,ff,e3,cd,37,39,ff,96,ff,00,ff,ff,ff,ff,00,00,00,00,ff,ff,ff,ff,ff,ff,47,47,ff,ff,ff,98,ff,ff,ff,ff,00,04,ff,ff,ff,e5
80,f1,12,34,61,08,00,00,00,00,00,00,00,ff,ff,ff,ff,00,ff,e3,cd,37,39,ff,96,ff,00,ff,ff,ff,ff,00,00,00,00,ff,ff,ff,ff,ff,ff,47,47,ff,ff,ff,98,ff,ff,ff,ff,00,04,ff,ff,ff,e5
80,f1,12,34,61,08,00,00,00,00,00,00,00,ff,ff,ff,ff,00,ff,e3,cd,37,39,ff,96,ff,00,ff,ff,ff,ff,00,00,00,00,ff,ff,ff,ff,ff,ff,47,47,ff,ff,ff,98,ff,ff,ff,ff,00,04,ff,ff,ff,e5
80,f1,12,34,61,08,00,00,00,00,00,00,00,ff,ff,ff,ff,00,ff,e3,cd,37,39,ff,96,ff,00,ff,ff,ff,ff,00,00,00,00,ff,ff,ff,ff,ff,ff,47,47,ff,ff,ff,98,ff,ff,ff,ff,00,04,ff,ff,ff,e5
80,f1,12,34,61,08,00,00,00,00,00,00,00,ff,ff,ff,ff,00,ff,e3,cd,37,39,ff,96,ff,00,ff,ff,ff,ff,00,00,00,00,ff,ff,ff,ff,ff,ff,47,47,ff,ff,ff,98,ff,ff,ff,ff,00,04,ff,ff,ff,e5
80,f1,12,34,61,08,00,00,00,00,00,00,00,ff,ff,ff,ff,00,ff,e3,cd,37,39,ff,96,ff,00,ff,ff,ff,ff,00,00,00,00,ff,ff,ff,ff,ff,ff,47,47,ff,ff,ff,98,ff,ff,ff,ff,00,04,ff,ff,ff,e5
80,f1,12,34,61,08,00,00,00,00,00,00,00,ff,ff,ff,ff,00,ff,e3,cd,37,39,ff,96,ff,00,ff,ff,ff,ff,00,00,00,00,ff,ff,ff,ff,ff,ff,47,47,ff,ff,ff,98,ff,ff,ff,ff,00,04,ff,ff,ff,e5
80,f1,12,34,61,08,00,00,00,00,00,00,00,ff,ff,ff,ff,00,ff,e3,cd,37,39,ff,96,ff,00,ff,ff,ff,ff,00,00,00,00,ff,ff,ff,ff,ff,ff,47,47,ff,ff,ff,98,ff,ff,ff,ff,00,04,ff,ff,ff,e5
80,f1,12,34,61,08,00,00,00,00,00,00,00,ff,ff,ff,ff,00,ff,e1,cd,37,39,ff,96,ff,00,ff,ff,ff,ff,00,00,00,00,ff,ff,ff,ff,ff,ff,47,47,ff,ff,ff,98,ff,ff,ff,ff,00,04,ff,ff,ff,e3
80,f1,12,34,61,08,00,00,00,00,00,00,00,ff,ff,ff,ff,00,ff,ce,cd,37,39,ff,96,ff,00,ff,ff,ff,ff,00,00,00,00,ff,ff,ff,ff,ff,ff,47,47,ff,ff,ff,98,ff,ff,ff,ff,00,04,ff,ff,ff,d0
80,f1,12,34,61,08,00,00,00,00,00,00,00,ff,ff,ff,ff,00,ff,c7,cd,37,39,ff,96,ff,00,ff,ff,ff,ff,00,00,00,00,ff,ff,ff,ff,ff,ff,47,47,ff,ff,ff,98,ff,ff,ff,ff,00,04,ff,ff,ff,c9
80,f1,12,34,61,08,00,00,00,00,00,00,00,ff,ff,ff,ff,00,ff,b9,cd,37,39,ff,96,ff,00,ff,ff,ff,ff,00,00,00,00,ff,ff,ff,ff,ff,ff,47,47,ff,ff,ff,98,ff,ff,ff,ff,00,04,ff,ff,ff,bb
80,f1,12,34,61,08,00,00,00,00,00,00,00,ff,ff,ff,ff,00,ff,b4,cd,37,39,ff,96,ff,00,ff,ff,ff,ff,00,00,00,00,ff,ff,ff,ff,ff,ff,47,47,ff,ff,ff,98,ff,ff,ff,ff,00,04,ff,ff,ff,b6
80,f1,12,34,61,08,00,00,00,00,00,00,00,ff,ff,ff,ff,00,ff,a8,cd,37,39,ff,96,ff,00,ff,ff,ff,ff,00,00,00,00,ff,ff,ff,ff,ff,ff,47,47,ff,ff,ff,98,ff,ff,ff,ff,00,04,ff,ff,ff,aa
80,f1,12,34,61,08,00,00,00,00,00,00,00,ff,ff,ff,ff,00,ff,a1,cd,37,39,ff,96,ff,00,ff,ff,ff,ff,00,00,00,00,ff,ff,ff,ff,ff,ff,47,47,ff,ff,ff,98,ff,ff,ff,ff,00,04,ff,ff,ff,a3
80,f1,12,34,61,08,00,00,00,00,00,00,00,ff,ff,ff,ff,00,ff,93,cd,37,39,ff,96,ff,00,ff,ff,ff,ff,00,00,00,00,ff,ff,ff,ff,ff,ff,47,47,ff,ff,ff,98,ff,ff,ff,ff,00,04,ff,ff,ff,95
80,f1,12,34,61,08,00,00,00,00,00,00,00,ff,ff,ff,ff,00,ff,83,cd,37,39,ff,96,ff,00,ff,ff,ff,ff,00,00,00,00,ff,ff,ff,ff,ff,ff,47,47,ff,ff,ff,98,ff,ff,ff,ff,00,04,ff,ff,ff,85
80,f1,12,34,61,08,00,00,00,00,00,00,00,ff,ff,ff,ff,00,ff,7b,cd,37,39,ff,96,ff,00,ff,ff,ff,ff,00,00,00,00,ff,ff,ff,ff,ff,ff,47,47,ff,ff,ff,98,ff,ff,ff,ff,00,04,ff,ff,ff,7d
80,f1,12,34,61,08,00,00,00,00,00,00,00,ff,ff,ff,ff,00,ff,67,cd,37,39,ff,96,ff,00,ff,ff,ff,ff,00,00,00,00,ff,ff,ff,ff,ff,ff,47,47,ff,ff,ff,98,ff,ff,ff,ff,00,04,ff,ff,ff,69
80,f1,12,34,61,08,00,00,00,00,00,00,00,ff,ff,ff,ff,00,ff,5c,cd,37,39,ff,96,ff,00,ff,ff,ff,ff,00,00,00,00,ff,ff,ff,ff,ff,ff,47,47,ff,ff,ff,98,ff,ff,ff,ff,00,04,ff,ff,ff,5e
80,f1,12,34,61,08,00,00,00,00,00,00,00,ff,ff,ff,ff,00,ff,47,cd,37,39,ff,96,ff,00,ff,ff,ff,ff,00,00,00,00,ff,ff,ff,ff,ff,ff,47,47,ff,ff,ff,98,ff,ff,ff,ff,00,04,ff,ff,ff,49
80,f1,12,34,61,08,00,00,00,00,00,00,00,ff,ff,ff,ff,00,ff,3e,cd,37,39,ff,96,ff,00,ff,ff,ff,ff,00,00,00,00,ff,ff,ff,ff,ff,ff,47,47,ff,ff,ff,98,ff,ff,ff,ff,00,04,ff,ff,ff,40
80,f1,12,34,61,08,00,00,00,00,00,00,00,ff,ff,ff,ff,00,ff,3e,cd,37,39,ff,96,ff,00,ff,ff,ff,ff,00,00,00,00,ff,ff,ff,ff,ff,ff,47,47,ff,ff,ff,98,ff,ff,ff,ff,00,04,ff,ff,ff,40
80,f1,12,34,61,08,00,00,00,00,00,00,00,ff,ff,ff,ff,00,ff,3e,cd,37,39,ff,96,ff,00,ff,ff,ff,ff,00,00,00,00,ff,ff,ff,ff,ff,ff,47,47,ff,ff,ff,98,ff,ff,ff,ff,00,04,ff,ff,ff,40
80,f1,12,34,61,08,00,00,00,00,00,00,00,ff,ff,ff,ff,00,ff,3e,cd,37,39,ff,96,ff,00,ff,ff,ff,ff,00,00,00,00,ff,ff,ff,ff,ff,ff,47,47,ff,ff,ff,98,ff,ff,ff,ff,00,04,ff,ff,ff,40
80,f1,12,34,61,08,00,00,00,00,00,00,00,ff,ff,ff,ff,00,ff,3e,cd,37,39,ff,96,ff,00,ff,ff,ff,ff,00,00,00,00,ff,ff,ff,ff,ff,ff,47,47,ff,ff,ff,98,ff,ff,ff,ff,00,04,ff,ff,ff,40
80,f1,12,34,61,08,00,00,00,00,00,00,00,ff,ff,ff,ff,00,ff,3e,cd,37,39,ff,96,ff,00,ff,ff,ff,ff,00,00,00,00,ff,ff,ff,ff,ff,ff,47,47,ff,ff,ff,98,ff,ff,ff,ff,00,04,ff,ff,ff,40
80,f1,12,34,61,08,00,00,00,00,00,00,00,ff,ff,ff,ff,00,ff,3e,cd,37,39,ff,96,ff,00,ff,ff,ff,ff,00,00,00,00,ff,ff,ff,ff,ff,ff,47,47,ff,ff,ff,98,ff,ff,ff,ff,00,04,ff,ff,ff,40
80,f1,12,34,61,08,00,00,00,00,00,00,00,ff,ff,ff,ff,00,ff,3e,cd,37,39,ff,96,ff,00,ff,ff,ff,ff,00,00,00,00,ff,ff,ff,ff,ff,ff,47,47,ff,ff,ff,98,ff,ff,ff,ff,00,04,ff,ff,ff,40
80,f1,12,34,61,08,00,00,00,00,00,00,00,ff,ff,ff,ff,00,ff,3e,cd,37,39,ff,96,ff,00,ff,ff,ff,ff,00,00,00,00,ff,ff,ff,ff,ff,ff,47,47,ff,ff,ff,98,ff,ff,ff,ff,00,04,ff,ff,ff,40
80,f1,12,34,61,08,00,00,00,00,00,00,00,ff,ff,ff,ff,00,ff,3e,cd,37,39,ff,96,ff,00,ff,ff,ff,ff,00,00,00,00,ff,ff,ff,ff,ff,ff,47,47,ff,ff,ff,98,ff,ff,ff,ff,00,04,ff,ff,ff,40
80,f1,12,34,61,08,00,00,00,00,00,00,00,ff,ff,ff,ff,00,ff,3e,cd,37,39,ff,96,ff,00,ff,ff,ff,ff,00,00,00,00,ff,ff,ff,ff,ff,ff,47,47,ff,ff,ff,98,ff,ff,ff,ff,00,04,ff,ff,ff,40
80,f1,12,34,61,08,00,00,00,00,00,00,00,ff,ff,ff,ff,00,ff,3e,cd,37,39,ff,96,ff,00,ff,ff,ff,ff,00,00,00,00,ff,ff,ff,ff,ff,ff,47,47,ff,ff,ff,98,ff,ff,ff,ff,00,04,ff,ff,ff,40
80,f1,12,34,61,08,00,00,00,00,00,00,00,ff,ff,ff,ff,00,ff,3e,cd,37,39,ff,96,ff,00,ff,ff,ff,ff,00,00,00,00,ff,ff,ff,ff,ff,ff,47,47,ff,ff,ff,98,ff,ff,ff,ff,00,04,ff,ff,ff,40
80,f1,12,34,61,08,00,00,00,00,00,00,00,ff,ff,ff,ff,00,ff,3e,cd,37,39,ff,96,ff,00,ff,ff,ff,ff,00,00,00,00,ff,ff,ff,ff,ff,ff,47,47,ff,ff,ff,98,ff,ff,ff,ff,00,04,ff,ff,ff,40
80,f1,12,34,61,08,00,00,00,00,00,00,00,ff,ff,ff,ff,00,ff,3e,cd,37,39,ff,96,ff,00,ff,ff,ff,ff,00,00,00,00,ff,ff,ff,ff,ff,ff,47,47,ff,ff,ff,98,ff,ff,ff,ff,00,04,ff,ff,ff,40
80,f1,12,34,61,08,00,00,00,00,00,00,00,ff,ff,ff,ff,00,ff,3e,cd,37,39,ff,96,ff,00,ff,ff,ff,ff,00,00,00,00,ff,ff,ff,ff,ff,ff,47,47,ff,ff,ff,98,ff,ff,ff,ff,00,04,ff,ff,ff,40
80,f1,12,34,61,08,00,00,00,00,00,00,00,ff,ff,ff,ff,00,ff,3e,cd,37,39,ff,96,ff,00,ff,ff,ff,ff,00,00,00,00,ff,ff,ff,ff,ff,ff,47,47,ff,ff,ff,98,ff,ff,ff,ff,00,04,ff,ff,ff,40
80,f1,12,34,61,08,00,00,00,00,00,00,00,ff,ff,ff,ff,00,ff,3e,cd,37,39,ff,96,ff,00,ff,ff,ff,ff,00,00,00,00,ff,ff,ff,ff,ff,ff,47,47,ff,ff,ff,98,ff,ff,ff,ff,00,04,ff,ff,ff,40
80,f1,12,34,61,08,00,00,00,00,00,00,00,ff,ff,ff,ff,00,ff,3e,cd,37,39,ff,96,ff,00,ff,ff,ff,ff,00,00,00,00,ff,ff,ff,ff,ff,ff,47,47,ff,ff,ff,98,ff,ff,ff,ff,00,04,ff,ff,ff,40
80,f1,12,34,61,08,00,00,00,00,00,00,00,ff,ff,ff,ff,00,ff,3e,cd,37,39,ff,96,ff,00,ff,ff,ff,ff,00,00,00,00,ff,ff,ff,ff,ff,ff,47,47,ff,ff,ff,98,ff,ff,ff,ff,00,04,ff,ff,ff,40
80,f1,12,34,61,08,00,00,00,00,00,00,00,ff,ff,ff,ff,00,ff,3e,cd,37,39,ff,96,ff,00,ff,ff,ff,ff,00,00,00,00,ff,ff,ff,ff,ff,ff,47,47,ff,ff,ff,98,ff,ff,ff,ff,00,04,ff,ff,ff,40
80,f1,12,34,61,08,00,00,00,00,00,00,00,ff,ff,ff,ff,00,ff,3e,cd,37,39,ff,96,ff,00,ff,ff,ff,ff,00,00,00,00,ff,ff,ff,ff,ff,ff,47,47,ff,ff,ff,98,ff,ff,ff,ff,00,04,ff,ff,ff,40
80,f1,12,34,61,08,00,00,00,00,00,00,00,ff,ff,ff,ff,00,ff,3d,cd,37,39,ff,96,ff,00,ff,ff,ff,ff,00,00,00,00,ff,ff,ff,ff,ff,ff,47,47,ff,ff,ff,98,ff,ff,ff,ff,00,04,ff,ff,ff,3f
80,f1,12,34,61,08,00,00,00,00,00,00,00,ff,ff,ff,ff,00,ff,3d,cd,37,39,ff,96,ff,00,ff,ff,ff,ff,00,00,00,00,ff,ff,ff,ff,ff,ff,47,47,ff,ff,ff,98,ff,ff,ff,ff,00,04,ff,ff,ff,3f
80,f1,12,34,61,08,00,00,00,00,00,00,00,ff,ff,ff,ff,00,ff,3e,cd,37,39,ff,96,ff,00,ff,ff,ff,ff,00,00,00,00,ff,ff,ff,ff,ff,ff,47,47,ff,ff,ff,98,ff,ff,ff,ff,00,04,ff,ff,ff,40
80,f1,12,34,61,08,00,00,00,00,00,00,00,ff,ff,ff,ff,00,ff,3e,cd,37,39,ff,96,ff,00,ff,ff,ff,ff,00,00,00,00,ff,ff,ff,ff,ff,ff,47,47,ff,ff,ff,98,ff,ff,ff,ff,00,04,ff,ff,ff,40
80,f1,12,34,61,08,00,00,00,00,00,00,00,ff,ff,ff,ff,00,ff,3e,cd,37,39,ff,96,ff,00,ff,ff,ff,ff,00,00,00,00,ff,ff,ff,ff,ff,ff,47,47,ff,ff,ff,98,ff,ff,ff,ff,00,04,ff,ff,ff,40
80,f1,12,34,61,08,00,00,00,00,00,00,00,ff,ff,ff,ff,00,ff,3e,cd,37,39,ff,96,ff,00,ff,ff,ff,ff,00,00,00,00,ff,ff,ff,ff,ff,ff,47,47,ff,ff,ff,98,ff,ff,ff,ff,00,04,ff,ff,ff,40
80,f1,12,34,61,08,00,00,00,00,00,00,00,ff,ff,ff,ff,00,ff,3e,cd,37,39,ff,96,ff,00,ff,ff,ff,ff,00,00,00,00,ff,ff,ff,ff,ff,ff,47,47,ff,ff,ff,98,ff,ff,ff,ff,00,04,ff,ff,ff,40
80,f1,12,34,61,08,00,00,00,00,00,00,00,ff,ff,ff,ff,00,ff,3e,cd,37,39,ff,96,ff,00,ff,ff,ff,ff,00,00,00,00,ff,ff,ff,ff,ff,ff,47,47,ff,ff,ff,98,ff,ff,ff,ff,00,04,ff,ff,ff,40
80,f1,12,34,61,08,00,00,00,00,00,00,00,ff,ff,ff,ff,00,ff,3e,cd,37,39,ff,96,ff,00,ff,ff,ff,ff,00,00,00,00,ff,ff,ff,ff,ff,ff,47,47,ff,ff,ff,98,ff,ff,ff,ff,00,04,ff,ff,ff,40
80,f1,12,34,61,08,00,00,00,00,00,00,00,ff,ff,ff,ff,00,ff,3e,cd,37,39,ff,96,ff,00,ff,ff,ff,ff,00,00,00,00,ff,ff,ff,ff,ff,ff,47,47,ff,ff,ff,98,ff,ff,ff,ff,00,04,ff,ff,ff,40
80,f1,12,34,61,08,00,00,00,00,00,00,00,ff,ff,ff,ff,00,ff,3e,cd,37,39,ff,96,ff,00,ff,ff,ff,ff,00,00,00,00,ff,ff,ff,ff,ff,ff,47,47,ff,ff,ff,98,ff,ff,ff,ff,00,04,ff,ff,ff,40
80,f1,12,34,61,08,00,00,00,00,00,00,00,ff,ff,ff,ff,00,ff,3e,cd,37,39,ff,96,ff,00,ff,ff,ff,ff,00,00,00,00,ff,ff,ff,ff,ff,ff,47,47,ff,ff,ff,98,ff,ff,ff,ff,00,04,ff,ff,ff,40
80,f1,12,34,61,08,00,00,00,00,00,00,00,ff,ff,ff,ff,00,ff,3e,cd,37,39,ff,96,ff,00,ff,ff,ff,ff,00,00,00,00,ff,ff,ff,ff,ff,ff,47,47,ff,ff,ff,98,ff,ff,ff,ff,00,04,ff,ff,ff,40
80,f1,12,34,61,08,00,00,00,00,00,00,00,ff,ff,ff,ff,00,ff,3e,cd,37,39,ff,96,ff,00,ff,ff,ff,ff,00,00,00,00,ff,ff,ff,ff,ff,ff,47,47,ff,ff,ff,98,ff,ff,ff,ff,00,04,ff,ff,ff,40
80,f1,12,34,61,08,00,00,00,00,00,00,00,ff,ff,ff,ff,00,ff,3e,cd,37,39,ff,96,ff,00,ff,ff,ff,ff,00,00,00,00,ff,ff,ff,ff,ff,ff,47,47,ff,ff,ff,98,ff,ff,ff,ff,00,04,ff,ff,ff,40
80,f1,12,34,61,08,00,00,00,00,00,00,00,ff,ff,ff,ff,00,ff,3e,cd,37,39,ff,96,ff,00,ff,ff,ff,ff,00,00,00,00,ff,ff,ff,ff,ff,ff,47,47,ff,ff,ff,98,ff,ff,ff,ff,00,04,ff,ff,ff,40
80,f1,12,34,61,08,00,00,00,00,00,00,00,ff,ff,ff,ff,00,ff,3e,cd,37,39,ff,96,ff,00,ff,ff,ff,ff,00,00,00,00,ff,ff,ff,ff,ff,ff,47,47,ff,ff,ff,98,ff,ff,ff,ff,00,04,ff,ff,ff,40
80,f1,12,34,61,08,00,00,00,00,00,00,00,ff,ff,ff,ff,00,ff,3e,cd,37,39,ff,96,ff,00,ff,ff,ff,ff,00,00,00,00,ff,ff,ff,ff,ff,ff,47,47,ff,ff,ff,98,ff,ff,ff,ff,00,04,ff,ff,ff,40
80,f1,12,34,61,08,00,00,00,00,00,00,00,ff,ff,ff,ff,00,ff,3e,cd,37,39,ff,96,ff,00,ff,ff,ff,ff,00,00,00,00,ff,ff,ff,ff,ff,ff,47,47,ff,ff,ff,98,ff,ff,ff,ff,00,04,ff,ff,ff,40
80,f1,12,34,61,08,00,00,00,00,00,00,00,ff,ff,ff,ff,00,ff,3e,cd,37,39,ff,96,ff,00,ff,ff,ff,ff,00,00,00,00,ff,ff,ff,ff,ff,ff,47,47,ff,ff,ff,98,ff,ff,ff,ff,00,04,ff,ff,ff,40
80,f1,12,34,61,08,00,00,00,00,00,00,00,ff,ff,ff,ff,00,ff,3e,cd,37,39,ff,96,ff,00,ff,ff,ff,ff,00,00,00,00,ff,ff,ff,ff,ff,ff,47,47,ff,ff,ff,98,ff,ff,ff,ff,00,04,ff,ff,ff,40
80,f1,12,34,61,08,00,00,00,00,00,00,00,ff,ff,ff,ff,00,ff,3e,cd,37,39,ff,96,ff,00,ff,ff,ff,ff,00,00,00,00,ff,ff,ff,ff,ff,ff,47,47,ff,ff,ff,98,ff,ff,ff,ff,00,04,ff,ff,ff,40
80,f1,12,34,61,08,00,00,00,00,00,00,00,ff,ff,ff,ff,00,ff,3e,cd,37,39,ff,96,ff,00,ff,ff,ff,ff,00,00,00,00,ff,ff,ff,ff,ff,ff,47,47,ff,ff,ff,98,ff,ff,ff,ff,00,04,ff,ff,ff,40
80,f1,12,34,61,08,00,00,00,00,00,00,00,ff,ff,ff,ff,00,ff,3e,cd,37,39,ff,96,ff,00,ff,ff,ff,ff,00,00,00,00,ff,ff,ff,ff,ff,ff,47,47,ff,ff,ff,98,ff,ff,ff,ff,00,04,ff,ff,ff,40
80,f1,12,34,61,08,00,00,00,00,00,00,00,ff,ff,ff,ff,00,ff,3e,cd,37,39,ff,96,ff,00,ff,ff,ff,ff,00,00,00,00,ff,ff,ff,ff,ff,ff,47,47,ff,ff,ff,98,ff,ff,ff,ff,00,04,ff,ff,ff,40
80,f1,12,34,61,08,00,00,00,00,00,00,00,ff,ff,ff,ff,00,ff,3e,cd,37,39,ff,96,ff,00,ff,ff,ff,ff,00,00,00,00,ff,ff,ff,ff,ff,ff,47,47,ff,ff,ff,98,ff,ff,ff,ff,00,04,ff,ff,ff,40
80,f1,12,34,61,08,00,00,00,00,00,00,00,ff,ff,ff,ff,00,ff,3e,cd,37,39,ff,96,ff,00,ff,ff,ff,ff,00,00,00,00,ff,ff,ff,ff,ff,ff,47,47,ff,ff,ff,98,ff,ff,ff,ff,00,04,ff,ff,ff,40
80,f1,12,34,61,08,00,00,00,00,00,00,00,ff,ff,ff,ff,00,ff,3e,cd,37,39,ff,96,ff,00,ff,ff,ff,ff,00,00,00,00,ff,ff,ff,ff,ff,ff,47,47,ff,ff,ff,98,ff,ff,ff,ff,00,04,ff,ff,ff,40
80,f1,12,34,61,08,00,00,00,00,00,00,00,ff,ff,ff,ff,00,ff,3e,cd,37,39,ff,96,ff,00,ff,ff,ff,ff,00,00,00,00,ff,ff,ff,ff,ff,ff,47,47,ff,ff,ff,98,ff,ff,ff,ff,00,04,ff,ff,ff,40
80,f1,12,34,61,08,00,00,00,00,00,00,00,ff,ff,ff,ff,00,ff,3e,cd,37,39,ff,96,ff,00,ff,ff,ff,ff,00,00,00,00,ff,ff,ff,ff,ff,ff,47,47,ff,ff,ff,98,ff,ff,ff,ff,00,04,ff,ff,ff,40
80,f1,12,34,61,08,00,00,00,00,00,00,00,ff,ff,ff,ff,00,ff,3e,cd,37,39,ff,96,ff,00,ff,ff,ff,ff,00,00,00,00,ff,ff,ff,ff,ff,ff,47,47,ff,ff,ff,98,ff,ff,ff,ff,00,04,ff,ff,ff,40
80,f1,12,34,61,08,00,00,00,00,00,00,00,ff,ff,ff,ff,00,ff,3e,cd,37,39,ff,96,ff,00,ff,ff,ff,ff,00,00,00,00,ff,ff,ff,ff,ff,ff,47,47,ff,ff,ff,98,ff,ff,ff,ff,00,04,ff,ff,ff,40
80,f1,12,34,61,08,00,00,00,00,00,00,00,ff,ff,ff,ff,00,ff,3e,cd,37,39,ff,96,ff,00,ff,ff,ff,ff,00,00,00,00,ff,ff,ff,ff,ff,ff,47,47,ff,ff,ff,98,ff,ff,ff,ff,00,04,ff,ff,ff,40
80,f1,12,34,61,08,00,00,00,00,00,00,00,ff,ff,ff,ff,00,ff,3e,cd,37,39,ff,96,ff,00,ff,ff,ff,ff,00,00,00,00,ff,ff,ff,ff,ff,ff,47,47,ff,ff,ff,98,ff,ff,ff,ff,00,04,ff,ff,ff,40
80,f1,12,34,61,08,00,00,00,00,00,00,00,ff,ff,ff,ff,00,ff,3e,cd,37,39,ff,96,ff,00,ff,ff,ff,ff,00,00,00,00,ff,ff,ff,ff,ff,ff,47,47,ff,ff,ff,98,ff,ff,ff,ff,00,04,ff,ff,ff,40
80,f1,12,34,61,08,00,00,00,00,00,00,00,ff,ff,ff,ff,00,ff,3e,cd,37,39,ff,96,ff,00,ff,ff,ff,ff,00,00,00,00,ff,ff,ff,ff,ff,ff,47,47,ff,ff,ff,98,ff,ff,ff,ff,00,04,ff,ff,ff,40
80,f1,12,34,61,08,00,00,00,00,00,00,00,ff,ff,ff,ff,00,ff,3e,cd,37,39,ff,96,ff,00,ff,ff,ff,ff,00,00,00,00,ff,ff,ff,ff,ff,ff,47,47,ff,ff,ff,98,ff,ff,ff,ff,00,04,ff,ff,ff,40
80,f1,12,34,61,08,00,00,00,00,00,00,00,ff,ff,ff,ff,00,ff,3d,cd,37,39,ff,96,ff,00,ff,ff,ff,ff,00,00,00,00,ff,ff,ff,ff,ff,ff,47,47,ff,ff,ff,98,ff,ff,ff,ff,00,04,ff,ff,ff,3f
80,f1,12,34,61,08,00,00,00,00,00,00,00,ff,ff,ff,ff,00,ff,3e,cd,37,39,ff,96,ff,00,ff,ff,ff,ff,00,00,00,00,ff,ff,ff,ff,ff,ff,47,47,ff,ff,ff,98,ff,ff,ff,ff,00,04,ff,ff,ff,40
80,f1,12,34,61,08,00,00,00,00,00,00,00,ff,ff,ff,ff,00,ff,3e,cd,37,39,ff,96,ff,00,ff,ff,ff,ff,00,00,00,00,ff,ff,ff,ff,ff,ff,47,47,ff,ff,ff,98,ff,ff,ff,ff,00,04,ff,ff,ff,40
80,f1,12,34,61,08,00,00,00,00,00,00,00,ff,ff,ff,ff,00,ff,3e,cd,37,39,ff,96,ff,00,ff,ff,ff,ff,00,00,00,00,ff,ff,ff,ff,ff,ff,47,47,ff,ff,ff,98,ff,ff,ff,ff,00,04,ff,ff,ff,40
80,f1,12,34,61,08,00,00,00,00,00,00,00,ff,ff,ff,ff,00,ff,3e,cd,37,39,ff,96,ff,00,ff,ff,ff,ff,00,00,00,00,ff,ff,ff,ff,ff,ff,47,47,ff,ff,ff,98,ff,ff,ff,ff,00,04,ff,ff,ff,40
80,f1,12,34,61,08,00,00,00,00,00,00,00,ff,ff,ff,ff,00,ff,3e,cd,37,39,ff,96,ff,00,ff,ff,ff,ff,00,00,00,00,ff,ff,ff,ff,ff,ff,47,47,ff,ff,ff,98,ff,ff,ff,ff,00,04,ff,ff,ff,40
80,f1,12,34,61,08,00,00,00,00,00,00,00,ff,ff,ff,ff,00,ff,3e,cd,37,39,ff,96,ff,00,ff,ff,ff,ff,00,00,00,00,ff,ff,ff,ff,ff,ff,47,47,ff,ff,ff,98,ff,ff,ff,ff,00,04,ff,ff,ff,40
80,f1,12,34,61,08,00,00,00,00,00,00,00,ff,ff,ff,ff,00,ff,3e,cd,37,39,ff,96,ff,00,ff,ff,ff,ff,00,00,00,00,ff,ff,ff,ff,ff,ff,47,47,ff,ff,ff,98,ff,ff,ff,ff,00,04,ff,ff,ff,40
80,f1,12,34,61,08,00,00,00,00,00,00,00,ff,ff,ff,ff,00,ff,3e,cd,37,39,ff,96,ff,00,ff,ff,ff,ff,00,00,00,00,ff,ff,ff,ff,ff,ff,47,47,ff,ff,ff,98,ff,ff,ff,ff,00,04,ff,ff,ff,40
80,f1,12,34,61,08,00,00,00,00,00,00,00,ff,ff,ff,ff,00,ff,3e,cd,37,39,ff,96,ff,00,ff,ff,ff,ff,00,00,00,00,ff,ff,ff,ff,ff,ff,47,47,ff,ff,ff,98,ff,ff,ff,ff,00,04,ff,ff,ff,40
80,f1,12,34,61,08,00,00,00,00,00,00,00,ff,ff,ff,ff,00,ff,3e,cd,37,39,ff,96,ff,00,ff,ff,ff,ff,00,00,00,00,ff,ff,ff,ff,ff,ff,47,47,ff,ff,ff,98,ff,ff,ff,ff,00,04,ff,ff,ff,40
80,f1,12,34,61,08,00,00,00,00,00,00,00,ff,ff,ff,ff,00,ff,3e,cd,37,39,ff,96,ff,00,ff,ff,ff,ff,00,00,00,00,ff,ff,ff,ff,ff,ff,47,47,ff,ff,ff,98,ff,ff,ff,ff,00,04,ff,ff,ff,40
80,f1,12,34,61,08,00,00,00,00,00,00,00,ff,ff,ff,ff,00,ff,3e,cd,37,39,ff,96,ff,00,ff,ff,ff,ff,00,00,00,00,ff,ff,ff,ff,ff,ff,47,47,ff,ff,ff,98,ff,ff,ff,ff,00,04,ff,ff,ff,40
80,f1,12,34,61,08,00,00,00,00,00,00,00,ff,ff,ff,ff,00,ff,3e,cd,37,39,ff,96,ff,00,ff,ff,ff,ff,00,00,00,00,ff,ff,ff,ff,ff,ff,47,47,ff,ff,ff,98,ff,ff,ff,ff,00,04,ff,ff,ff,40
80,f1,12,34,61,08,00,00,00,00,00,00,00,ff,ff,ff,ff,00,ff,3e,cd,37,39,ff,96,ff,00,ff,ff,ff,ff,00,00,00,00,ff,ff,ff,ff,ff,ff,47,47,ff,ff,ff,98,ff,ff,ff,ff,00,04,ff,ff,ff,40
80,f1,12,34,61,08,00,00,00,00,00,00,00,ff,ff,ff,ff,00,ff,3e,cd,37,39,ff,96,ff,00,ff,ff,ff,ff,00,00,00,00,ff,ff,ff,ff,ff,ff,47,47,ff,ff,ff,98,ff,ff,ff,ff,00,04,ff,ff,ff,40
80,f1,12,34,61,08,00,00,00,00,00,00,00,ff,ff,ff,ff,00,ff,3e,cd,37,39,ff,96,ff,00,ff,ff,ff,ff,00,00,00,00,ff,ff,ff,ff,ff,ff,47,47,ff,ff,ff,98,ff,ff,ff,ff,00,04,ff,ff,ff,40
80,f1,12,34,61,08,00,00,00,00,00,00,00,ff,ff,ff,ff,00,ff,3d,cd,37,39,ff,96,ff,00,ff,ff,ff,ff,00,00,00,00,ff,ff,ff,ff,ff,ff,47,47,ff,ff,ff,98,ff,ff,ff,ff,00,04,ff,ff,ff,3f
80,f1,12,34,61,08,00,00,00,00,00,00,00,ff,ff,ff,ff,00,ff,3e,cd,37,39,ff,96,ff,00,ff,ff,ff,ff,00,00,00,00,ff,ff,ff,ff,ff,ff,47,47,ff,ff,ff,98,ff,ff,ff,ff,00,04,ff,ff,ff,40
80,f1,12,34,61,08,00,00,00,00,00,00,00,ff,ff,ff,ff,00,ff,52,cd,37,39,ff,96,ff,00,ff,ff,ff,ff,00,00,00,00,ff,ff,ff,ff,ff,ff,47,47,ff,ff,ff,98,ff,ff,ff,ff,00,04,ff,ff,ff,54
80,f1,12,34,61,08,00,00,00,00,00,00,00,ff,ff,ff,ff,00,ff,5b,cd,37,39,ff,96,ff,00,ff,ff,ff,ff,00,00,00,00,ff,ff,ff,ff,ff,ff,47,47,ff,ff,ff,98,ff,ff,ff,ff,00,04,ff,ff,ff,5d
80,f1,12,34,61,08,00,00,00,00,00,00,00,ff,ff,ff,ff,00,ff,71,cd,37,39,ff,96,ff,00,ff,ff,ff,ff,00,00,00,00,ff,ff,ff,ff,ff,ff,47,47,ff,ff,ff,98,ff,ff,ff,ff,00,04,ff,ff,ff,73
80,f1,12,34,61,08,00,00,00,00,00,00,00,ff,ff,ff,ff,00,ff,7e,cd,37,39,ff,96,ff,00,ff,ff,ff,ff,00,00,00,00,ff,ff,ff,ff,ff,ff,47,47,ff,ff,ff,98,ff,ff,ff,ff,00,04,ff,ff,ff,80
80,f1,12,34,61,08,00,00,00,00,00,00,00,ff,ff,ff,ff,00,ff,95,cd,37,39,ff,96,ff,00,ff,ff,ff,ff,00,00,00,00,ff,ff,ff,ff,ff,ff,47,47,ff,ff,ff,98,ff,ff,ff,ff,00,04,ff,ff,ff,97
80,f1,12,34,61,08,00,00,00,00,00,00,00,ff,ff,ff,ff,00,ff,a3,cd,37,39,ff,96,ff,00,ff,ff,ff,ff,00,00,00,00,ff,ff,ff,ff,ff,ff,47,47,ff,ff,ff,98,ff,ff,ff,ff,00,04,ff,ff,ff,a5
80,f1,12,34,61,08,00,00,00,00,00,00,00,ff,ff,ff,ff,00,ff,c2,cd,37,39,ff,96,ff,00,ff,ff,ff,ff,00,00,00,00,ff,ff,ff,ff,ff,ff,47,47,ff,ff,ff,98,ff,ff,ff,ff,00,04,ff,ff,ff,c4
80,f1,12,34,61,08,00,00,00,00,00,00,00,ff,ff,ff,ff,00,ff,e3,cd,37,39,ff,96,ff,00,ff,ff,ff,ff,00,00,00,00,ff,ff,ff,ff,ff,ff,47,47,ff,ff,ff,98,ff,ff,ff,ff,00,04,ff,ff,ff,e5
80,f1,12,34,61,08,00,00,00,00,00,00,00,ff,ff,ff,ff,00,ff,e3,cd,37,39,ff,96,ff,00,ff,ff,ff,ff,00,00,00,00,ff,ff,ff,ff,ff,ff,47,47,ff,ff,ff,98,ff,ff,ff,ff,00,04,ff,ff,ff,e5
80,f1,12,34,61,08,00,00,00,00,00,00,00,ff,ff,ff,ff,00,ff,e3,cd,37,39,ff,96,ff,00,ff,ff,ff,ff,00,00,00,00,ff,ff,ff,ff,ff,ff,47,47,ff,ff,ff,98,ff,ff,ff,ff,00,04,ff,ff,ff,e5
80,f1,12,34,61,08,00,00,00,00,00,00,00,ff,ff,ff,ff,00,ff,e3,cd,37,39,ff,96,ff,00,ff,ff,ff,ff,00,00,00,00,ff,ff,ff,ff,ff,ff,47,47,ff,ff,ff,98,ff,ff,ff,ff,00,04,ff,ff,ff,e5
80,f1,12,34,61,08,00,00,00,00,00,00,00,ff,ff,ff,ff,00,ff,e3,cd,37,39,ff,96,ff,00,ff,ff,ff,ff,00,00,00,00,ff,ff,ff,ff,ff,ff,47,47,ff,ff,ff,98,ff,ff,ff,ff,00,04,ff,ff,ff,e5
80,f1,12,34,61,08,00,00,00,00,00,00,00,ff,ff,ff,ff,00,ff,e3,cd,37,39,ff,96,ff,00,ff,ff,ff,ff,00,00,00,00,ff,ff,ff,ff,ff,ff,47,47,ff,ff,ff,98,ff,ff,ff,ff,00,04,ff,ff,ff,e5
80,f1,12,34,61,08,00,00,00,00,00,00,00,ff,ff,ff,ff,00,ff,e3,cd,37,39,ff,96,ff,00,ff,ff,ff,ff,00,00,00,00,ff,ff,ff,ff,ff,ff,47,47,ff,ff,ff,98,ff,ff,ff,ff,00,04,ff,ff,ff,e5
80,f1,12,34,61,08,00,00,00,00,00,00,00,ff,ff,ff,ff,00,ff,e3,cd,37,39,ff,96,ff,00,ff,ff,ff,ff,00,00,00,00,ff,ff,ff,ff,ff,ff,47,47,ff,ff,ff,98,ff,ff,ff,ff,00,04,ff,ff,ff,e5
80,f1,12,34,61,08,00,00,00,00,00,00,00,ff,ff,ff,ff,00,ff,e3,cd,37,39,ff,96,ff,00,ff,ff,ff,ff,00,00,00,00,ff,ff,ff,ff,ff,ff,47,47,ff,ff,ff,98,ff,ff,ff,ff,00,04,ff,ff,ff,e5
80,f1,12,34,61,08,00,00,00,00,00,00,00,ff,ff,ff,ff,00,ff,e3,cd,37,39,ff,96,ff,00,ff,ff,ff,ff,00,00,00,00,ff,ff,ff,ff,ff,ff,47,47,ff,ff,ff,98,ff,ff,ff,ff,00,04,ff,ff,ff,e5
80,f1,12,34,61,08,00,00,00,00,00,00,00,ff,ff,ff,ff,00,ff,e3,cd,37,39,ff,96,ff,00,ff,ff,ff,ff,00,00,00,00,ff,ff,ff,ff,ff,ff,47,47,ff,ff,ff,98,ff,ff,ff,ff,00,04,ff,ff,ff,e5
80,f1,12,34,61,08,00,00,00,00,00,00,00,ff,ff,ff,ff,00,ff,e3,cd,37,39,ff,96,ff,00,ff,ff,ff,ff,00,00,00,00,ff,ff,ff,ff,ff,ff,47,47,ff,ff,ff,98,ff,ff,ff,ff,00,04,ff,ff,ff,e5
80,f1,12,34,61,08,00,00,00,00,00,00,00,ff,ff,ff,ff,00,ff,e3,cd,37,39,ff,96,ff,00,ff,ff,ff,ff,00,00,00,00,ff,ff,ff,ff,ff,ff,47,47,ff,ff,ff,98,ff,ff,ff,ff,00,04,ff,ff,ff,e5
80,f1,12,34,61,08,00,00,00,00,00,00,00,ff,ff,ff,ff,00,ff,e3,cd,37,39,ff,96,ff,00,ff,ff,ff,ff,00,00,00,00,ff,ff,ff,ff,ff,ff,47,47,ff,ff,ff,98,ff,ff,ff,ff,00,04,ff,ff,ff,e5
80,f1,12,34,61,08,00,00,00,00,00,00,00,ff,ff,ff,ff,00,ff,e3,cd,37,39,ff,96,ff,00,ff,ff,ff,ff,00,00,00,00,ff,ff,ff,ff,ff,ff,47,47,ff,ff,ff,98,ff,ff,ff,ff,00,04,ff,ff,ff,e5
80,f1,12,34,61,08,00,00,00,00,00,00,00,ff,ff,ff,ff,00,ff,e3,cd,37,39,ff,96,ff,00,ff,ff,ff,ff,00,00,00,00,ff,ff,ff,ff,ff,ff,47,47,ff,ff,ff,99,ff,ff,ff,ff,00,04,ff,ff,ff,e6
80,f1,12,34,61,08,00,00,00,00,00,00,00,ff,ff,ff,ff,00,ff,e3,cd,37,39,ff,96,ff,00,ff,ff,ff,ff,00,00,00,00,ff,ff,ff,ff,ff,ff,47,47,ff,ff,ff,99,ff,ff,ff,ff,00,04,ff,ff,ff,e6
80,f1,12,34,61,08,00,00,00,00,00,00,00,ff,ff,ff,ff,00,ff,e3,cd,37,39,ff,96,ff,00,ff,ff,ff,ff,00,00,00,00,ff,ff,ff,ff,ff,ff,47,47,ff,ff,ff,99,ff,ff,ff,ff,00,04,ff,ff,ff,e6
80,f1,12,34,61,08,00,00,00,00,00,00,00,ff,ff,ff,ff,00,ff,e3,cd,37,39,ff,96,ff,00,ff,ff,ff,ff,00,00,00,00,ff,ff,ff,ff,ff,ff,47,47,ff,ff,ff,99,ff,ff,ff,ff,00,04,ff,ff,ff,e6
80,f1,12,34,61,08,00,00,00,00,00,00,00,ff,ff,ff,ff,00,ff,e3,cd,37,39,ff,96,ff,00,ff,ff,ff,ff,00,00,00,00,ff,ff,ff,ff,ff,ff,47,47,ff,ff,ff,99,ff,ff,ff,ff,00,04,ff,ff,ff,e6
80,f1,12,34,61,08,00,00,00,00,00,00,00,ff,ff,ff,ff,00,ff,e3,cd,37,39,ff,96,ff,00,ff,ff,ff,ff,00,00,00,00,ff,ff,ff,ff,ff,ff,47,47,ff,ff,ff,99,ff,ff,ff,ff,00,04,ff,ff,ff,e6
80,f1,12,34,61,08,00,00,00,00,00,00,00,ff,ff,ff,ff,00,ff,e3,cd,37,39,ff,96,ff,00,ff,ff,ff,ff,00,00,00,00,ff,ff,ff,ff,ff,ff,47,47,ff,ff,ff,99,ff,ff,ff,ff,00,04,ff,ff,ff,e6
80,f1,12,34,61,08,00,00,00,00,00,00,00,ff,ff,ff,ff,00,ff,e3,cd,37,39,ff,96,ff,00,ff,ff,ff,ff,00,00,00,00,ff,ff,ff,ff,ff,ff,47,47,ff,ff,ff,99,ff,ff,ff,ff,00,04,ff,ff,ff,e6
80,f1,12,34,61,08,00,00,00,00,00,00,00,ff,ff,ff,ff,00,ff,e3,cd,37,39,ff,96,ff,00,ff,ff,ff,ff,00,00,00,00,ff,ff,ff,ff,ff,ff,47,47,ff,ff,ff,99,ff,ff,ff,ff,00,04,ff,ff,ff,e6
80,f1,12,34,61,08,00,00,00,00,00,00,00,ff,ff,ff,ff,00,ff,e3,cd,37,39,ff,96,ff,00,ff,ff,ff,ff,00,00,00,00,ff,ff,ff,ff,ff,ff,47,47,ff,ff,ff,99,ff,ff,ff,ff,00,04,ff,ff,ff,e6
80,f1,12,34,61,08,00,00,00,00,00,00,00,ff,ff,ff,ff,00,ff,e3,cd,37,39,ff,96,ff,00,ff,ff,ff,ff,00,00,00,00,ff,ff,ff,ff,ff,ff,47,47,ff,ff,ff,99,ff,ff,ff,ff,00,04,ff,ff,ff,e6
80,f1,12,34,61,08,00,00,00,00,00,00,00,ff,ff,ff,ff,00,ff,e3,cd,37,39,ff,96,ff,00,ff,ff,ff,ff,00,00,00,00,ff,ff,ff,ff,ff,ff,47,47,ff,ff,ff,99,ff,ff,ff,ff,00,04,ff,ff,ff,e6
80,f1,12,34,61,08,00,00,00,00,00,00,00,ff,ff,ff,ff,00,ff,e3,cd,37,39,ff,96,ff,00,ff,ff,ff,ff,00,00,00,00,ff,ff,ff,ff,ff,ff,47,47,ff,ff,ff,99,ff,ff,ff,ff,00,04,ff,ff,ff,e6
80,f1,12,34,61,08,00,00,00,00,00,00,00,ff,ff,ff,ff,00,ff,e3,cd,37,39,ff,96,ff,00,ff,ff,ff,ff,00,00,00,00,ff,ff,ff,ff,ff,ff,47,47,ff,ff,ff,99,ff,ff,ff,ff,00,04,ff,ff,ff,e6
80,f1,12,34,61,08,00,00,00,00,00,00,00,ff,ff,ff,ff,00,ff,e3,cd,37,39,ff,96,ff,00,ff,ff,ff,ff,00,00,00,00,ff,ff,ff,ff,ff,ff,47,47,ff,ff,ff,99,ff,ff,ff,ff,00,04,ff,ff,ff,e6
80,f1,12,34,61,08,00,00,00,00,00,00,00,ff,ff,ff,ff,00,ff,e2,cd,37,39,ff,96,ff,00,ff,ff,ff,ff,00,00,00,00,ff,ff,ff,ff,ff,ff,47,47,ff,ff,ff,99,ff,ff,ff,ff,00,04,ff,ff,ff,e5
80,f1,12,34,61,08,00,00,00,00,00,00,00,ff,ff,ff,ff,00,ff,d8,cd,37,39,ff,96,ff,00,ff,ff,ff,ff,00,00,00,00,ff,ff,ff,ff,ff,ff,47,47,ff,ff,ff,99,ff,ff,ff,ff,00,04,ff,ff,ff,db
80,f1,12,34,61,08,00,00,00,00,00,00,00,ff,ff,ff,ff,00,ff,d2,cd,37,39,ff,96,ff,00,ff,ff,ff,ff,00,00,00,00,ff,ff,ff,ff,ff,ff,47,47,ff,ff,ff,99,ff,ff,ff,ff,00,04,ff,ff,ff,d5
80,f1,12,34,61,08,00,00,00,00,00,00,00,ff,ff,ff,ff,00,ff,c6,cd,37,39,ff,96,ff,00,ff,ff,ff,ff,00,00,00,00,ff,ff,ff,ff,ff,ff,47,47,ff,ff,ff,99,ff,ff,ff,ff,00,04,ff,ff,ff,c9
80,f1,12,34,61,08,00,00,00,00,00,00,00,ff,ff,ff,ff,00,ff,c0,cd,37,39,ff,96,ff,00,ff,ff,ff,ff,00,00,00,00,ff,ff,ff,ff,ff,ff,47,47,ff,ff,ff,99,ff,ff,ff,ff,00,04,ff,ff,ff,c3
80,f1,12,34,61,08,00,00,00,00,00,00,00,ff,ff,ff,ff,00,ff,b3,cd,37,39,ff,96,ff,00,ff,ff,ff,ff,00,00,00,00,ff,ff,ff,ff,ff,ff,47,47,ff,ff,ff,99,ff,ff,ff,ff,00,04,ff,ff,ff,b6
80,f1,12,34,61,08,00,00,00,00,00,00,00,ff,ff,ff,ff,00,ff,ab,cd,37,39,ff,96,ff,00,ff,ff,ff,ff,00,00,00,00,ff,ff,ff,ff,ff,ff,47,47,ff,ff,ff,98,ff,ff,ff,ff,00,04,ff,ff,ff,ad
80,f1,12,34,61,08,00,00,00,00,00,00,00,ff,ff,ff,ff,00,ff,9d,cd,37,39,ff,96,ff,00,ff,ff,ff,ff,00,00,00,00,ff,ff,ff,ff,ff,ff,47,47,ff,ff,ff,99,ff,ff,ff,ff,00,04,ff,ff,ff,a0
80,f1,12,34,61,08,00,00,00,00,00,00,00,ff,ff,ff,ff,00,ff,8d,cd,37,39,ff,96,ff,00,ff,ff,ff,ff,00,00,00,00,ff,ff,ff,ff,ff,ff,47,47,ff,ff,ff,98,ff,ff,ff,ff,00,04,ff,ff,ff,8f
80,f1,12,34,61,08,00,00,00,00,00,00,00,ff,ff,ff,ff,00,ff,86,cd,37,39,ff,96,ff,00,ff,ff,ff,ff,00,00,00,00,ff,ff,ff,ff,ff,ff,47,47,ff,ff,ff,99,ff,ff,ff,ff,00,04,ff,ff,ff,89
80,f1,12,34,61,08,00,00,00,00,00,00,00,ff,ff,ff,ff,00,ff,79,cd,37,39,ff,96,ff,00,ff,ff,ff,ff,00,00,00,00,ff,ff,ff,ff,ff,ff,47,47,ff,ff,ff,98,ff,ff,ff,ff,00,04,ff,ff,ff,7b
80,f1,12,34,61,08,00,00,00,00,00,00,00,ff,ff,ff,ff,00,ff,6f,cd,37,39,ff,96,ff,00,ff,ff,ff,ff,00,00,00,00,ff,ff,ff,ff,ff,ff,47,47,ff,ff,ff,99,ff,ff,ff,ff,00,04,ff,ff,ff,72
80,f1,12,34,61,08,00,00,00,00,00,00,00,ff,ff,ff,ff,00,ff,58,cd,37,39,ff,96,ff,00,ff,ff,ff,ff,00,00,00,00,ff,ff,ff,ff,ff,ff,47,47,ff,ff,ff,99,ff,ff,ff,ff,00,04,ff,ff,ff,5b
80,f1,12,34,61,08,00,00,00,00,00,00,00,ff,ff,ff,ff,00,ff,4a,cd,37,39,ff,96,ff,00,ff,ff,ff,ff,00,00,00,00,ff,ff,ff,ff,ff,ff,47,47,ff,ff,ff,98,ff,ff,ff,ff,00,04,ff,ff,ff,4c
80,f1,12,34,61,08,00,00,00,00,00,00,00,ff,ff,ff,ff,00,ff,3e,cd,37,39,ff,96,ff,00,ff,ff,ff,ff,00,00,00,00,ff,ff,ff,ff,ff,ff,47,47,ff,ff,ff,98,ff,ff,ff,ff,00,04,ff,ff,ff,40
80,f1,12,34,61,08,00,00,00,00,00,00,00,ff,ff,ff,ff,00,ff,3e,cd,37,39,ff,96,ff,00,ff,ff,ff,ff,00,00,00,00,ff,ff,ff,ff,ff,ff,47,47,ff,ff,ff,98,ff,ff,ff,ff,00,04,ff,ff,ff,40
80,f1,12,34,61,08,00,00,00,00,00,00,00,ff,ff,ff,ff,00,ff,3e,cd,37,39,ff,96,ff,00,ff,ff,ff,ff,00,00,00,00,ff,ff,ff,ff,ff,ff,47,47,ff,ff,ff,98,ff,ff,ff,ff,00,04,ff,ff,ff,40
80,f1,12,34,61,08,00,00,00,00,00,00,00,ff,ff,ff,ff,00,ff,3e,cd,37,39,ff,95,ff,00,ff,ff,ff,ff,00,00,00,00,ff,ff,ff,ff,ff,ff,47,47,ff,ff,ff,98,ff,ff,ff,ff,00,04,ff,ff,ff,3f
80,f1,12,34,61,08,00,00,00,00,00,00,00,ff,ff,ff,ff,00,ff,3e,cd,37,39,ff,96,ff,00,ff,ff,ff,ff,00,00,00,00,ff,ff,ff,ff,ff,ff,47,47,ff,ff,ff,98,ff,ff,ff,ff,00,04,ff,ff,ff,40
80,f1,12,34,61,08,00,00,00,00,00,00,00,ff,ff,ff,ff,00,ff,3e,cd,37,39,ff,96,ff,00,ff,ff,ff,ff,00,00,00,00,ff,ff,ff,ff,ff,ff,47,47,ff,ff,ff,98,ff,ff,ff,ff,00,04,ff,ff,ff,40
80,f1,12,34,61,08,00,00,00,00,00,00,00,ff,ff,ff,ff,00,ff,3e,cd,37,39,ff,96,ff,00,ff,ff,ff,ff,00,00,00,00,ff,ff,ff,ff,ff,ff,47,47,ff,ff,ff,98,ff,ff,ff,ff,00,04,ff,ff,ff,40
80,f1,12,34,61,08,00,00,00,00,00,00,00,ff,ff,ff,ff,00,ff,3e,cd,37,39,ff,96,ff,00,ff,ff,ff,ff,00,00,00,00,ff,ff,ff,ff,ff,ff,47,47,ff,ff,ff,98,ff,ff,ff,ff,00,04,ff,ff,ff,40
80,f1,12,34,61,08,00,00,00,00,00,00,00,ff,ff,ff,ff,00,ff,3e,cd,37,39,ff,96,ff,00,ff,ff,ff,ff,00,00,00,00,ff,ff,ff,ff,ff,ff,47,47,ff,ff,ff,98,ff,ff,ff,ff,00,04,ff,ff,ff,40
80,f1,12,34,61,08,00,00,00,00,00,00,00,ff,ff,ff,ff,00,ff,3e,cd,37,39,ff,96,ff,00,ff,ff,ff,ff,00,00,00,00,ff,ff,ff,ff,ff,ff,47,47,ff,ff,ff,99,ff,ff,ff,ff,00,04,ff,ff,ff,41
80,f1,12,34,61,08,00,00,00,00,00,00,00,ff,ff,ff,ff,00,ff,3e,cd,37,39,ff,96,ff,00,ff,ff,ff,ff,00,00,00,00,ff,ff,ff,ff,ff,ff,47,47,ff,ff,ff,98,ff,ff,ff,ff,00,04,ff,ff,ff,40
80,f1,12,34,61,08,00,00,00,00,00,00,00,ff,ff,ff,ff,00,ff,3e,cd,37,39,ff,96,ff,00,ff,ff,ff,ff,00,00,00,00,ff,ff,ff,ff,ff,ff,47,47,ff,ff,ff,98,ff,ff,ff,ff,00,04,ff,ff,ff,40
80,f1,12,34,61,08,00,00,00,00,00,00,00,ff,ff,ff,ff,00,ff,3e,cd,37,39,ff,96,ff,00,ff,ff,ff,ff,00,00,00,00,ff,ff,ff,ff,ff,ff,47,47,ff,ff,ff,98,ff,ff,ff,ff,00,04,ff,ff,ff,40
80,f1,12,34,61,08,00,00,00,00,00,00,00,ff,ff,ff,ff,00,ff,3e,cd,37,39,ff,95,ff,00,ff,ff,ff,ff,00,00,00,00,ff,ff,ff,ff,ff,ff,47,47,ff,ff,ff,98,ff,ff,ff,ff,00,04,ff,ff,ff,3f
80,f1,12,34,61,08,00,00,00,00,00,00,00,ff,ff,ff,ff,00,ff,3e,cd,37,39,ff,96,ff,00,ff,ff,ff,ff,00,00,00,00,ff,ff,ff,ff,ff,ff,47,47,ff,ff,ff,98,ff,ff,ff,ff,00,04,ff,ff,ff,40
80,f1,12,34,61,08,00,00,00,00,00,00,00,ff,ff,ff,ff,00,ff,3e,cd,37,39,ff,96,ff,00,ff,ff,ff,ff,00,00,00,00,ff,ff,ff,ff,ff,ff,47,47,ff,ff,ff,98,ff,ff,ff,ff,00,04,ff,ff,ff,40
80,f1,12,34,61,08,00,00,00,00,00,00,00,ff,ff,ff,ff,00,ff,3e,cd,37,39,ff,96,ff,00,ff,ff,ff,ff,00,00,00,00,ff,ff,ff,ff,ff,ff,47,47,ff,ff,ff,98,ff,ff,ff,ff,00,04,ff,ff,ff,40
80,f1,12,34,61,08,00,00,00,00,00,00,00,ff,ff,ff,ff,00,ff,3e,cd,37,39,ff,96,ff,00,ff,ff,ff,ff,00,00,00,00,ff,ff,ff,ff,ff,ff,47,47,ff,ff,ff,98,ff,ff,ff,ff,00,04,ff,ff,ff,40
80,f1,12,34,61,08,00,00,00,00,00,00,00,ff,ff,ff,ff,00,ff,3e,cd,37,39,ff,96,ff,00,ff,ff,ff,ff,00,00,00,00,ff,ff,ff,ff,ff,ff,47,47,ff,ff,ff,98,ff,ff,ff,ff,00,04,ff,ff,ff,40
80,f1,12,34,61,08,00,00,00,00,00,00,00,ff,ff,ff,ff,00,ff,3e,cd,37,39,ff,96,ff,00,ff,ff,ff,ff,00,00,00,00,ff,ff,ff,ff,ff,ff,47,47,ff,ff,ff,98,ff,ff,ff,ff,00,04,ff,ff,ff,40
80,f1,12,34,61,08,00,00,00,00,00,00,00,ff,ff,ff,ff,00,ff,3e,cd,37,39,ff,96,ff,00,ff,ff,ff,ff,00,00,00,00,ff,ff,ff,ff,ff,ff,47,47,ff,ff,ff,98,ff,ff,ff,ff,00,04,ff,ff,ff,40
80,f1,12,34,61,08,00,00,00,00,00,00,00,ff,ff,ff,ff,00,ff,3e,cd,37,39,ff,96,ff,00,ff,ff,ff,ff,00,00,00,00,ff,ff,ff,ff,ff,ff,47,47,ff,ff,ff,98,ff,ff,ff,ff,00,04,ff,ff,ff,40
80,f1,12,34,61,08,00,00,00,00,00,00,00,ff,ff,ff,ff,00,ff,3e,cd,37,39,ff,96,ff,00,ff,ff,ff,ff,00,00,00,00,ff,ff,ff,ff,ff,ff,47,47,ff,ff,ff,98,ff,ff,ff,ff,00,04,ff,ff,ff,40
80,f1,12,34,61,08,00,00,00,00,00,00,00,ff,ff,ff,ff,00,ff,3e,cd,37,39,ff,96,ff,00,ff,ff,ff,ff,00,00,00,00,ff,ff,ff,ff,ff,ff,47,47,ff,ff,ff,98,ff,ff,ff,ff,00,04,ff,ff,ff,40
80,f1,12,34,61,08,00,00,00,00,00,00,00,ff,ff,ff,ff,00,ff,3e,cd,37,39,ff,96,ff,00,ff,ff,ff,ff,00,00,00,00,ff,ff,ff,ff,ff,ff,47,47,ff,ff,ff,98,ff,ff,ff,ff,00,04,ff,ff,ff,40
80,f1,12,34,61,08,00,00,00,00,00,00,00,ff,ff,ff,ff,00,ff,3e,cd,37,39,ff,96,ff,00,ff,ff,ff,ff,00,00,00,00,ff,ff,ff,ff,ff,ff,47,47,ff,ff,ff,98,ff,ff,ff,ff,00,04,ff,ff,ff,40
80,f1,12,34,61,08,00,00,00,00,00,00,00,ff,ff,ff,ff,00,ff,3e,cd,37,39,ff,96,ff,00,ff,ff,ff,ff,00,00,00,00,ff,ff,ff,ff,ff,ff,47,47,ff,ff,ff,98,ff,ff,ff,ff,00,04,ff,ff,ff,40
80,f1,12,34,61,08,00,00,00,00,00,00,00,ff,ff,ff,ff,00,ff,3d,cd,37,39,ff,95,ff,00,ff,ff,ff,ff,00,00,00,00,ff,ff,ff,ff,ff,ff,47,47,ff,ff,ff,98,ff,ff,ff,ff,00,04,ff,ff,ff,3e
80,f1,12,34,61,08,00,00,00,00,00,00,00,ff,ff,ff,ff,00,ff,3e,cd,37,39,ff,96,ff,00,ff,ff,ff,ff,00,00,00,00,ff,ff,ff,ff,ff,ff,47,47,ff,ff,ff,98,ff,ff,ff,ff,00,04,ff,ff,ff,40
80,f1,12,34,61,08,00,00,00,00,00,00,00,ff,ff,ff,ff,00,ff,3e,cd,37,39,ff,96,ff,00,ff,ff,ff,ff,00,00,00,00,ff,ff,ff,ff,ff,ff,47,47,ff,ff,ff,98,ff,ff,ff,ff,00,04,ff,ff,ff,40
80,f1,12,34,61,08,00,00,00,00,00,00,00,ff,ff,ff,ff,00,ff,3d,cd,37,39,ff,96,ff,00,ff,ff,ff,ff,00,00,00,00,ff,ff,ff,ff,ff,ff,47,47,ff,ff,ff,98,ff,ff,ff,ff,00,04,ff,ff,ff,3f
80,f1,12,34,61,08,00,00,00,00,00,00,00,ff,ff,ff,ff,00,ff,3e,cd,37,39,ff,95,ff,00,ff,ff,ff,ff,00,00,00,00,ff,ff,ff,ff,ff,ff,47,47,ff,ff,ff,98,ff,ff,ff,ff,00,04,ff,ff,ff,3f
80,f1,12,34,61,08,00,00,00,00,00,00,00,ff,ff,ff,ff,00,ff,3d,cd,37,39,ff,95,ff,00,ff,ff,ff,ff,00,00,00,00,ff,ff,ff,ff,ff,ff,47,47,ff,ff,ff,98,ff,ff,ff,ff,00,04,ff,ff,ff,3e
